<?xml version="1.0" encoding="UTF-8"?>
<!-- Generated by org.testng.reporters.JUnitXMLReporter -->
<testsuite ignored="0" hostname="LAPTOP-G5RPONF5" failures="0" tests="3" name="Default test" time="20.265" errors="0" timestamp="2026-03-11T09:38:16 IST">
  <testcase classname="register.TC_RF_027" name="verifyRegisteringAccountAllBrowsers" time="4.912"/>
  <testcase classname="register.TC_RF_027" name="verifyRegisteringAccountAllBrowsers" time="9.513"/>
  <testcase classname="register.TC_RF_027" name="verifyRegisteringAccountAllBrowsers" time="5.795"/>
</testsuite> <!-- Default test -->
